# JRE version: OpenJDK Runtime Environment (17.0.7) (build 17.0.7+0-b2043.56-10550314)
# Java VM: OpenJDK 64-Bit Server VM (17.0.7+0-b2043.56-10550314, mixed mode, tiered, compressed oops, compressed class ptrs, g1 gc, windows-amd64)
GC Precious Log:
 CPUs: 8 total, 8 available
 Memory: 7926M
 Large Page Support: Disabled
 NUMA Support: Disabled
 Compressed Oops: Enabled (32-bit)
 Heap Region Size: 1M
 Heap Min Capacity: 8M
 Heap Initial Capacity: 124M
 Heap Max Capacity: 2G
 Pre-touch: Disabled
 Parallel Workers: 8
 Concurrent Workers: 2
 Concurrent Refinement Workers: 8
 Periodic GC: Disabled
Heap:
 garbage-first heap   total 106496K, used 87784K [0x0000000080000000, 0x0000000100000000)
  region size 1024K, 26 young (26624K), 2 survivors (2048K)
 Metaspace       used 48766K, committed 49280K, reserved 1114112K
  class space    used 6388K, committed 6592K, reserved 1048576K
GC Heap History (20 events):
Event: 10.189 GC heap before
{Heap before GC invocations=8 (full 0):
 garbage-first heap   total 87040K, used 57064K [0x0000000080000000, 0x0000000100000000)
  region size 1024K, 12 young (12288K), 1 survivors (1024K)
 Metaspace       used 30814K, committed 31104K, reserved 1114112K
  class space    used 4201K, committed 4352K, reserved 1048576K
}
Event: 10.191 GC heap after
{Heap after GC invocations=9 (full 0):
 garbage-first heap   total 87040K, used 49086K [0x0000000080000000, 0x0000000100000000)
  region size 1024K, 2 young (2048K), 2 survivors (2048K)
 Metaspace       used 30814K, committed 31104K, reserved 1114112K
  class space    used 4201K, committed 4352K, reserved 1048576K
}
Event: 11.173 GC heap before
{Heap before GC invocations=9 (full 0):
 garbage-first heap   total 87040K, used 66494K [0x0000000080000000, 0x0000000100000000)
  region size 1024K, 19 young (19456K), 2 survivors (2048K)
 Metaspace       used 33145K, committed 33472K, reserved 1114112K
  class space    used 4590K, committed 4736K, reserved 1048576K
}
Event: 11.176 GC heap after
{Heap after GC invocations=10 (full 0):
 garbage-first heap   total 87040K, used 50621K [0x0000000080000000, 0x0000000100000000)
  region size 1024K, 1 young (1024K), 1 survivors (1024K)
 Metaspace       used 33145K, committed 33472K, reserved 1114112K
  class space    used 4590K, committed 4736K, reserved 1048576K
}
Event: 12.177 GC heap before
{Heap before GC invocations=11 (full 0):
 garbage-first heap   total 89088K, used 68029K [0x0000000080000000, 0x0000000100000000)
  region size 1024K, 18 young (18432K), 1 survivors (1024K)
 Metaspace       used 36168K, committed 36480K, reserved 1114112K
  class space    used 5057K, committed 5184K, reserved 1048576K
}
Event: 12.181 GC heap after
{Heap after GC invocations=12 (full 0):
 garbage-first heap   total 89088K, used 51638K [0x0000000080000000, 0x0000000100000000)
  region size 1024K, 2 young (2048K), 2 survivors (2048K)
 Metaspace       used 36168K, committed 36480K, reserved 1114112K
  class space    used 5057K, committed 5184K, reserved 1048576K
}
Event: 15.709 GC heap before
{Heap before GC invocations=12 (full 0):
 garbage-first heap   total 89088K, used 69046K [0x0000000080000000, 0x0000000100000000)
  region size 1024K, 20 young (20480K), 2 survivors (2048K)
 Metaspace       used 41544K, committed 41984K, reserved 1114112K
  class space    used 5576K, committed 5760K, reserved 1048576K
}
Event: 15.717 GC heap after
{Heap after GC invocations=13 (full 0):
 garbage-first heap   total 89088K, used 54461K [0x0000000080000000, 0x0000000100000000)
  region size 1024K, 3 young (3072K), 3 survivors (3072K)
 Metaspace       used 41544K, committed 41984K, reserved 1114112K
  class space    used 5576K, committed 5760K, reserved 1048576K
}
Event: 16.069 GC heap before
{Heap before GC invocations=14 (full 0):
 garbage-first heap   total 94208K, used 70845K [0x0000000080000000, 0x0000000100000000)
  region size 1024K, 19 young (19456K), 3 survivors (3072K)
 Metaspace       used 41779K, committed 42112K, reserved 1114112K
  class space    used 5593K, committed 5760K, reserved 1048576K
}
Event: 16.075 GC heap after
{Heap after GC invocations=15 (full 0):
 garbage-first heap   total 94208K, used 55972K [0x0000000080000000, 0x0000000100000000)
  region size 1024K, 2 young (2048K), 2 survivors (2048K)
 Metaspace       used 41779K, committed 42112K, reserved 1114112K
  class space    used 5593K, committed 5760K, reserved 1048576K
}
Event: 16.119 GC heap before
{Heap before GC invocations=15 (full 0):
 garbage-first heap   total 94208K, used 58020K [0x0000000080000000, 0x0000000100000000)
  region size 1024K, 4 young (4096K), 2 survivors (2048K)
 Metaspace       used 41845K, committed 42240K, reserved 1114112K
  class space    used 5599K, committed 5760K, reserved 1048576K
}
Event: 16.122 GC heap after
{Heap after GC invocations=16 (full 0):
 garbage-first heap   total 94208K, used 56379K [0x0000000080000000, 0x0000000100000000)
  region size 1024K, 1 young (1024K), 1 survivors (1024K)
 Metaspace       used 41845K, committed 42240K, reserved 1114112K
  class space    used 5599K, committed 5760K, reserved 1048576K
}
Event: 16.221 GC heap before
{Heap before GC invocations=16 (full 0):
 garbage-first heap   total 94208K, used 59451K [0x0000000080000000, 0x0000000100000000)
  region size 1024K, 6 young (6144K), 1 survivors (1024K)
 Metaspace       used 42204K, committed 42624K, reserved 1114112K
  class space    used 5637K, committed 5824K, reserved 1048576K
}
Event: 16.223 GC heap after
{Heap after GC invocations=17 (full 0):
 garbage-first heap   total 94208K, used 57262K [0x0000000080000000, 0x0000000100000000)
  region size 1024K, 2 young (2048K), 2 survivors (2048K)
 Metaspace       used 42204K, committed 42624K, reserved 1114112K
  class space    used 5637K, committed 5824K, reserved 1048576K
}
Event: 17.450 GC heap before
{Heap before GC invocations=18 (full 0):
 garbage-first heap   total 104448K, used 78766K [0x0000000080000000, 0x0000000100000000)
  region size 1024K, 20 young (20480K), 2 survivors (2048K)
 Metaspace       used 45150K, committed 45568K, reserved 1114112K
  class space    used 5983K, committed 6144K, reserved 1048576K
}
Event: 17.456 GC heap after
{Heap after GC invocations=19 (full 0):
 garbage-first heap   total 104448K, used 58070K [0x0000000080000000, 0x0000000100000000)
  region size 1024K, 3 young (3072K), 3 survivors (3072K)
 Metaspace       used 45150K, committed 45568K, reserved 1114112K
  class space    used 5983K, committed 6144K, reserved 1048576K
}
Event: 17.548 GC heap before
{Heap before GC invocations=19 (full 0):
 garbage-first heap   total 104448K, used 60118K [0x0000000080000000, 0x0000000100000000)
  region size 1024K, 5 young (5120K), 3 survivors (3072K)
 Metaspace       used 45461K, committed 45888K, reserved 1114112K
  class space    used 6024K, committed 6208K, reserved 1048576K
}
Event: 17.552 GC heap after
{Heap after GC invocations=20 (full 0):
 garbage-first heap   total 104448K, used 57781K [0x0000000080000000, 0x0000000100000000)
  region size 1024K, 1 young (1024K), 1 survivors (1024K)
 Metaspace       used 45461K, committed 45888K, reserved 1114112K
  class space    used 6024K, committed 6208K, reserved 1048576K
}
Event: 18.114 GC heap before
{Heap before GC invocations=20 (full 0):
 garbage-first heap   total 104448K, used 65973K [0x0000000080000000, 0x0000000100000000)
  region size 1024K, 10 young (10240K), 1 survivors (1024K)
 Metaspace       used 46182K, committed 46592K, reserved 1114112K
  class space    used 6144K, committed 6336K, reserved 1048576K
}
Event: 18.117 GC heap after
{Heap after GC invocations=21 (full 0):
 garbage-first heap   total 104448K, used 59112K [0x0000000080000000, 0x0000000100000000)
  region size 1024K, 2 young (2048K), 2 survivors (2048K)
 Metaspace       used 46182K, committed 46592K, reserved 1114112K
  class space    used 6144K, committed 6336K, reserved 1048576K
}

