# JRE version: OpenJDK Runtime Environment (17.0.7) (build 17.0.7+0-b2043.56-10550314)
# Java VM: OpenJDK 64-Bit Server VM (17.0.7+0-b2043.56-10550314, mixed mode, tiered, compressed oops, compressed class ptrs, g1 gc, windows-amd64)
GC Precious Log:
 CPUs: 8 total, 8 available
 Memory: 7926M
 Large Page Support: Disabled
 NUMA Support: Disabled
 Compressed Oops: Enabled (32-bit)
 Heap Region Size: 1M
 Heap Min Capacity: 8M
 Heap Initial Capacity: 124M
 Heap Max Capacity: 2G
 Pre-touch: Disabled
 Parallel Workers: 8
 Concurrent Workers: 2
 Concurrent Refinement Workers: 8
 Periodic GC: Disabled
Heap:
 garbage-first heap   total 142336K, used 92847K [0x0000000080000000, 0x0000000100000000)
  region size 1024K, 12 young (12288K), 1 survivors (1024K)
 Metaspace       used 63747K, committed 64384K, reserved 1114112K
  class space    used 8556K, committed 8832K, reserved 1048576K
GC Heap History (20 events):
Event: 12.543 GC heap before
{Heap before GC invocations=22 (full 0):
 garbage-first heap   total 111616K, used 72884K [0x0000000080000000, 0x0000000100000000)
  region size 1024K, 12 young (12288K), 1 survivors (1024K)
 Metaspace       used 46878K, committed 47296K, reserved 1114112K
  class space    used 6216K, committed 6400K, reserved 1048576K
}
Event: 12.546 GC heap after
{Heap after GC invocations=23 (full 0):
 garbage-first heap   total 111616K, used 65680K [0x0000000080000000, 0x0000000100000000)
  region size 1024K, 3 young (3072K), 3 survivors (3072K)
 Metaspace       used 46878K, committed 47296K, reserved 1114112K
  class space    used 6216K, committed 6400K, reserved 1048576K
}
Event: 13.107 GC heap before
{Heap before GC invocations=24 (full 0):
 garbage-first heap   total 117760K, used 85136K [0x0000000080000000, 0x0000000100000000)
  region size 1024K, 21 young (21504K), 3 survivors (3072K)
 Metaspace       used 49226K, committed 49792K, reserved 1114112K
  class space    used 6460K, committed 6720K, reserved 1048576K
}
Event: 13.111 GC heap after
{Heap after GC invocations=25 (full 0):
 garbage-first heap   total 117760K, used 66892K [0x0000000080000000, 0x0000000100000000)
  region size 1024K, 2 young (2048K), 2 survivors (2048K)
 Metaspace       used 49226K, committed 49792K, reserved 1114112K
  class space    used 6460K, committed 6720K, reserved 1048576K
}
Event: 13.677 GC heap before
{Heap before GC invocations=25 (full 0):
 garbage-first heap   total 117760K, used 88396K [0x0000000080000000, 0x0000000100000000)
  region size 1024K, 24 young (24576K), 2 survivors (2048K)
 Metaspace       used 51076K, committed 51648K, reserved 1114112K
  class space    used 6796K, committed 7040K, reserved 1048576K
}
Event: 13.681 GC heap after
{Heap after GC invocations=26 (full 0):
 garbage-first heap   total 117760K, used 68043K [0x0000000080000000, 0x0000000100000000)
  region size 1024K, 2 young (2048K), 2 survivors (2048K)
 Metaspace       used 51076K, committed 51648K, reserved 1114112K
  class space    used 6796K, committed 7040K, reserved 1048576K
}
Event: 14.336 GC heap before
{Heap before GC invocations=27 (full 0):
 garbage-first heap   total 119808K, used 90571K [0x0000000080000000, 0x0000000100000000)
  region size 1024K, 24 young (24576K), 2 survivors (2048K)
 Metaspace       used 53567K, committed 54208K, reserved 1114112K
  class space    used 7220K, committed 7488K, reserved 1048576K
}
Event: 14.339 GC heap after
{Heap after GC invocations=28 (full 0):
 garbage-first heap   total 119808K, used 69590K [0x0000000080000000, 0x0000000100000000)
  region size 1024K, 3 young (3072K), 3 survivors (3072K)
 Metaspace       used 53567K, committed 54208K, reserved 1114112K
  class space    used 7220K, committed 7488K, reserved 1048576K
}
Event: 16.631 GC heap before
{Heap before GC invocations=28 (full 0):
 garbage-first heap   total 119808K, used 94166K [0x0000000080000000, 0x0000000100000000)
  region size 1024K, 27 young (27648K), 3 survivors (3072K)
 Metaspace       used 55691K, committed 56320K, reserved 1114112K
  class space    used 7514K, committed 7808K, reserved 1048576K
}
Event: 16.637 GC heap after
{Heap after GC invocations=29 (full 0):
 garbage-first heap   total 119808K, used 71780K [0x0000000080000000, 0x0000000100000000)
  region size 1024K, 4 young (4096K), 4 survivors (4096K)
 Metaspace       used 55691K, committed 56320K, reserved 1114112K
  class space    used 7514K, committed 7808K, reserved 1048576K
}
Event: 17.097 GC heap before
{Heap before GC invocations=30 (full 0):
 garbage-first heap   total 130048K, used 87140K [0x0000000080000000, 0x0000000100000000)
  region size 1024K, 21 young (21504K), 4 survivors (4096K)
 Metaspace       used 56010K, committed 56704K, reserved 1114112K
  class space    used 7540K, committed 7872K, reserved 1048576K
}
Event: 17.102 GC heap after
{Heap after GC invocations=31 (full 0):
 garbage-first heap   total 130048K, used 73312K [0x0000000080000000, 0x0000000100000000)
  region size 1024K, 4 young (4096K), 4 survivors (4096K)
 Metaspace       used 56010K, committed 56704K, reserved 1114112K
  class space    used 7540K, committed 7872K, reserved 1048576K
}
Event: 17.203 GC heap before
{Heap before GC invocations=32 (full 0):
 garbage-first heap   total 130048K, used 76384K [0x0000000080000000, 0x0000000100000000)
  region size 1024K, 6 young (6144K), 4 survivors (4096K)
 Metaspace       used 56078K, committed 56768K, reserved 1114112K
  class space    used 7549K, committed 7872K, reserved 1048576K
}
Event: 17.208 GC heap after
{Heap after GC invocations=33 (full 0):
 garbage-first heap   total 130048K, used 76471K [0x0000000080000000, 0x0000000100000000)
  region size 1024K, 4 young (4096K), 4 survivors (4096K)
 Metaspace       used 56078K, committed 56768K, reserved 1114112K
  class space    used 7549K, committed 7872K, reserved 1048576K
}
Event: 17.613 GC heap before
{Heap before GC invocations=34 (full 0):
 garbage-first heap   total 137216K, used 96951K [0x0000000080000000, 0x0000000100000000)
  region size 1024K, 23 young (23552K), 4 survivors (4096K)
 Metaspace       used 57903K, committed 58560K, reserved 1114112K
  class space    used 7803K, committed 8128K, reserved 1048576K
}
Event: 17.618 GC heap after
{Heap after GC invocations=35 (full 0):
 garbage-first heap   total 137216K, used 81340K [0x0000000080000000, 0x0000000100000000)
  region size 1024K, 3 young (3072K), 3 survivors (3072K)
 Metaspace       used 57903K, committed 58560K, reserved 1114112K
  class space    used 7803K, committed 8128K, reserved 1048576K
}
Event: 17.692 GC heap before
{Heap before GC invocations=35 (full 0):
 garbage-first heap   total 137216K, used 84412K [0x0000000080000000, 0x0000000100000000)
  region size 1024K, 6 young (6144K), 3 survivors (3072K)
 Metaspace       used 58298K, committed 59008K, reserved 1114112K
  class space    used 7860K, committed 8192K, reserved 1048576K
}
Event: 17.695 GC heap after
{Heap after GC invocations=36 (full 0):
 garbage-first heap   total 137216K, used 81970K [0x0000000080000000, 0x0000000100000000)
  region size 1024K, 1 young (1024K), 1 survivors (1024K)
 Metaspace       used 58298K, committed 59008K, reserved 1114112K
  class space    used 7860K, committed 8192K, reserved 1048576K
}
Event: 18.309 GC heap before
{Heap before GC invocations=36 (full 0):
 garbage-first heap   total 137216K, used 103474K [0x0000000080000000, 0x0000000100000000)
  region size 1024K, 22 young (22528K), 1 survivors (1024K)
 Metaspace       used 61894K, committed 62528K, reserved 1114112K
  class space    used 8283K, committed 8576K, reserved 1048576K
}
Event: 18.312 GC heap after
{Heap after GC invocations=37 (full 0):
 garbage-first heap   total 137216K, used 82607K [0x0000000080000000, 0x0000000100000000)
  region size 1024K, 1 young (1024K), 1 survivors (1024K)
 Metaspace       used 61894K, committed 62528K, reserved 1114112K
  class space    used 8283K, committed 8576K, reserved 1048576K
}

