# JRE version: OpenJDK Runtime Environment (17.0.7) (build 17.0.7+0-b2043.56-10550314)
# Java VM: OpenJDK 64-Bit Server VM (17.0.7+0-b2043.56-10550314, mixed mode, tiered, compressed oops, compressed class ptrs, g1 gc, windows-amd64)
GC Precious Log:
 CPUs: 8 total, 8 available
 Memory: 7926M
 Large Page Support: Disabled
 NUMA Support: Disabled
 Compressed Oops: Enabled (32-bit)
 Heap Region Size: 1M
 Heap Min Capacity: 8M
 Heap Initial Capacity: 124M
 Heap Max Capacity: 2G
 Pre-touch: Disabled
 Parallel Workers: 8
 Concurrent Workers: 2
 Concurrent Refinement Workers: 8
 Periodic GC: Disabled
Heap:
 garbage-first heap   total 215040K, used 83585K [0x0000000080000000, 0x0000000100000000)
  region size 1024K, 23 young (23552K), 3 survivors (3072K)
 Metaspace       used 87826K, committed 88384K, reserved 1179648K
  class space    used 11920K, committed 12224K, reserved 1048576K
GC Heap History (20 events):
Event: 43.983 GC heap before
{Heap before GC invocations=33 (full 0):
 garbage-first heap   total 89088K, used 57556K [0x0000000080000000, 0x0000000100000000)
  region size 1024K, 4 young (4096K), 3 survivors (3072K)
 Metaspace       used 69500K, committed 70080K, reserved 1114112K
  class space    used 9217K, committed 9472K, reserved 1048576K
}
Event: 43.989 GC heap after
{Heap after GC invocations=34 (full 0):
 garbage-first heap   total 107520K, used 57939K [0x0000000080000000, 0x0000000100000000)
  region size 1024K, 1 young (1024K), 1 survivors (1024K)
 Metaspace       used 69500K, committed 70080K, reserved 1114112K
  class space    used 9217K, committed 9472K, reserved 1048576K
}
Event: 44.008 GC heap before
{Heap before GC invocations=34 (full 0):
 garbage-first heap   total 107520K, used 59987K [0x0000000080000000, 0x0000000100000000)
  region size 1024K, 4 young (4096K), 1 survivors (1024K)
 Metaspace       used 69506K, committed 70080K, reserved 1114112K
  class space    used 9217K, committed 9472K, reserved 1048576K
}
Event: 44.010 GC heap after
{Heap after GC invocations=35 (full 0):
 garbage-first heap   total 107520K, used 57748K [0x0000000080000000, 0x0000000100000000)
  region size 1024K, 1 young (1024K), 1 survivors (1024K)
 Metaspace       used 69506K, committed 70080K, reserved 1114112K
  class space    used 9217K, committed 9472K, reserved 1048576K
}
Event: 44.962 GC heap before
{Heap before GC invocations=36 (full 0):
 garbage-first heap   total 107520K, used 84372K [0x0000000080000000, 0x0000000100000000)
  region size 1024K, 25 young (25600K), 1 survivors (1024K)
 Metaspace       used 71703K, committed 72192K, reserved 1114112K
  class space    used 9502K, committed 9728K, reserved 1048576K
}
Event: 44.975 GC heap after
{Heap after GC invocations=37 (full 0):
 garbage-first heap   total 107520K, used 60082K [0x0000000080000000, 0x0000000100000000)
  region size 1024K, 2 young (2048K), 2 survivors (2048K)
 Metaspace       used 71703K, committed 72192K, reserved 1114112K
  class space    used 9502K, committed 9728K, reserved 1048576K
}
Event: 45.681 GC heap before
{Heap before GC invocations=37 (full 0):
 garbage-first heap   total 107520K, used 83634K [0x0000000080000000, 0x0000000100000000)
  region size 1024K, 26 young (26624K), 2 survivors (2048K)
 Metaspace       used 74405K, committed 75008K, reserved 1114112K
  class space    used 9882K, committed 10176K, reserved 1048576K
}
Event: 45.686 GC heap after
{Heap after GC invocations=38 (full 0):
 garbage-first heap   total 107520K, used 61466K [0x0000000080000000, 0x0000000100000000)
  region size 1024K, 4 young (4096K), 4 survivors (4096K)
 Metaspace       used 74405K, committed 75008K, reserved 1114112K
  class space    used 9882K, committed 10176K, reserved 1048576K
}
Event: 46.267 GC heap before
{Heap before GC invocations=39 (full 0):
 garbage-first heap   total 107520K, used 82970K [0x0000000080000000, 0x0000000100000000)
  region size 1024K, 28 young (28672K), 4 survivors (4096K)
 Metaspace       used 77789K, committed 78400K, reserved 1179648K
  class space    used 10324K, committed 10624K, reserved 1048576K
}
Event: 46.272 GC heap after
{Heap after GC invocations=40 (full 0):
 garbage-first heap   total 107520K, used 59249K [0x0000000080000000, 0x0000000100000000)
  region size 1024K, 4 young (4096K), 4 survivors (4096K)
 Metaspace       used 77789K, committed 78400K, reserved 1179648K
  class space    used 10324K, committed 10624K, reserved 1048576K
}
Event: 46.299 GC heap before
{Heap before GC invocations=40 (full 0):
 garbage-first heap   total 107520K, used 60273K [0x0000000080000000, 0x0000000100000000)
  region size 1024K, 5 young (5120K), 4 survivors (4096K)
 Metaspace       used 77864K, committed 78464K, reserved 1179648K
  class space    used 10333K, committed 10624K, reserved 1048576K
}
Event: 46.302 GC heap after
{Heap after GC invocations=41 (full 0):
 garbage-first heap   total 107520K, used 59230K [0x0000000080000000, 0x0000000100000000)
  region size 1024K, 1 young (1024K), 1 survivors (1024K)
 Metaspace       used 77864K, committed 78464K, reserved 1179648K
  class space    used 10333K, committed 10624K, reserved 1048576K
}
Event: 46.938 GC heap before
{Heap before GC invocations=41 (full 0):
 garbage-first heap   total 107520K, used 84830K [0x0000000080000000, 0x0000000100000000)
  region size 1024K, 27 young (27648K), 1 survivors (1024K)
 Metaspace       used 79786K, committed 80384K, reserved 1179648K
  class space    used 10598K, committed 10880K, reserved 1048576K
}
Event: 46.942 GC heap after
{Heap after GC invocations=42 (full 0):
 garbage-first heap   total 107520K, used 61251K [0x0000000080000000, 0x0000000100000000)
  region size 1024K, 3 young (3072K), 3 survivors (3072K)
 Metaspace       used 79786K, committed 80384K, reserved 1179648K
  class space    used 10598K, committed 10880K, reserved 1048576K
}
Event: 47.686 GC heap before
{Heap before GC invocations=43 (full 0):
 garbage-first heap   total 107520K, used 86851K [0x0000000080000000, 0x0000000100000000)
  region size 1024K, 28 young (28672K), 3 survivors (3072K)
 Metaspace       used 82944K, committed 83584K, reserved 1179648K
  class space    used 11210K, committed 11520K, reserved 1048576K
}
Event: 47.691 GC heap after
{Heap after GC invocations=44 (full 0):
 garbage-first heap   total 107520K, used 62672K [0x0000000080000000, 0x0000000100000000)
  region size 1024K, 2 young (2048K), 2 survivors (2048K)
 Metaspace       used 82944K, committed 83584K, reserved 1179648K
  class space    used 11210K, committed 11520K, reserved 1048576K
}
Event: 47.793 GC heap before
{Heap before GC invocations=44 (full 0):
 garbage-first heap   total 107520K, used 65744K [0x0000000080000000, 0x0000000100000000)
  region size 1024K, 5 young (5120K), 2 survivors (2048K)
 Metaspace       used 83366K, committed 83968K, reserved 1179648K
  class space    used 11279K, committed 11584K, reserved 1048576K
}
Event: 47.797 GC heap after
{Heap after GC invocations=45 (full 0):
 garbage-first heap   total 107520K, used 62235K [0x0000000080000000, 0x0000000100000000)
  region size 1024K, 1 young (1024K), 1 survivors (1024K)
 Metaspace       used 83366K, committed 83968K, reserved 1179648K
  class space    used 11279K, committed 11584K, reserved 1048576K
}
Event: 48.600 GC heap before
{Heap before GC invocations=45 (full 0):
 garbage-first heap   total 107520K, used 87835K [0x0000000080000000, 0x0000000100000000)
  region size 1024K, 26 young (26624K), 1 survivors (1024K)
 Metaspace       used 86121K, committed 86720K, reserved 1179648K
  class space    used 11671K, committed 11968K, reserved 1048576K
}
Event: 48.608 GC heap after
{Heap after GC invocations=46 (full 0):
 garbage-first heap   total 215040K, used 64129K [0x0000000080000000, 0x0000000100000000)
  region size 1024K, 3 young (3072K), 3 survivors (3072K)
 Metaspace       used 86121K, committed 86720K, reserved 1179648K
  class space    used 11671K, committed 11968K, reserved 1048576K
}

